2025-02-07 01:22:36,121 - ClassificationPipeline - INFO - Logging setup complete. Log file: outputs/comparison/logs/pipeline_20250207_012236.log
2025-02-07 01:22:36,121 - ClassificationPipeline - INFO - Initialized ClassificationPipeline
2025-02-07 01:22:36,121 - ClassificationPipeline - INFO - Starting classification pipeline at 20250207_012236
2025-02-07 01:22:36,121 - ClassificationPipeline - INFO - Loading raw data from ../data/raw/Suicide_Detection.csv
2025-02-07 01:22:36,121 - ClassificationPipeline - INFO - Loading raw data from ../data/raw/Suicide_Detection.csv
2025-02-07 01:22:37,874 - ClassificationPipeline - INFO - Initial data statistics: 232074 samples
2025-02-07 01:22:38,356 - ClassificationPipeline - INFO - Final sample count after cleaning: 232074
2025-02-07 01:22:38,367 - ClassificationPipeline - INFO - Class distribution:
class
suicide        0.5
non-suicide    0.5
Name: proportion, dtype: float64
2025-02-07 01:22:38,384 - ClassificationPipeline - INFO - Loading tokenized data from ../data/tokenized/tokenized_data.pkl
2025-02-07 01:22:46,406 - ClassificationPipeline - INFO - Running logistic classifier...
2025-02-07 01:22:59,385 - ClassificationPipeline - INFO - Running bert classifier...
2025-02-07 01:36:53,285 - ClassificationPipeline - INFO - Running few_shot classifier...
2025-02-07 02:51:22,635 - ClassificationPipeline - INFO - Saving comparison results...
2025-02-07 02:51:22,637 - ClassificationPipeline - INFO - Saved CV results for logistic to outputs/run_20250207_012236/classifiers/logistic/cv/cross_validation_results.json
2025-02-07 02:51:29,783 - ClassificationPipeline - INFO - Saved CV results for bert to outputs/run_20250207_012236/classifiers/bert/cv/cross_validation_results.json
2025-02-07 02:51:33,784 - ClassificationPipeline - INFO - Saved CV results for few_shot to outputs/run_20250207_012236/classifiers/few_shot/cv/cross_validation_results.json
2025-02-07 02:51:44,697 - ClassificationPipeline - INFO - Overall comparison summary saved to outputs/run_20250207_012236/overall/comparison_summary.json
2025-02-07 02:51:44,698 - ClassificationPipeline - INFO - Pipeline completed successfully.
