2025-02-07 15:29:38,731 - ClassificationPipeline - INFO - Logging setup complete. Log file: outputs/comparison/logs/pipeline_20250207_152938.log
2025-02-07 15:29:38,731 - ClassificationPipeline - INFO - Initialized ClassificationPipeline
2025-02-07 15:29:38,731 - ClassificationPipeline - INFO - Starting classification pipeline at 20250207_152938
2025-02-07 15:29:38,731 - ClassificationPipeline - INFO - Loading raw data from ../data/raw/Suicide_Detection.csv
2025-02-07 15:29:38,731 - ClassificationPipeline - INFO - Loading raw data from ../data/raw/Suicide_Detection.csv
2025-02-07 15:29:40,386 - ClassificationPipeline - INFO - Initial data statistics: 232074 samples
2025-02-07 15:29:41,177 - ClassificationPipeline - INFO - Final sample count after cleaning: 232074
2025-02-07 15:29:41,209 - ClassificationPipeline - INFO - Class distribution:
class
suicide        0.5
non-suicide    0.5
Name: proportion, dtype: float64
2025-02-07 15:29:41,441 - ClassificationPipeline - INFO - Loading tokenized data from ../data/tokenized/tokenized_data.pkl
2025-02-07 15:29:50,622 - ClassificationPipeline - INFO - Running logistic classifier...
2025-02-07 15:30:03,193 - ClassificationPipeline - INFO - Running bert classifier...
2025-02-07 15:52:56,312 - ClassificationPipeline - INFO - Running few_shot classifier...
2025-02-07 17:12:17,249 - ClassificationPipeline - INFO - Saving comparison results...
2025-02-07 17:12:17,249 - ClassificationPipeline - INFO - Saved CV results for logistic to outputs/run_20250207_152938/classifiers/logistic/cv/cross_validation_results.json
2025-02-07 17:12:44,314 - ClassificationPipeline - INFO - Saved CV results for bert to outputs/run_20250207_152938/classifiers/bert/cv/cross_validation_results.json
2025-02-07 17:12:49,733 - ClassificationPipeline - INFO - Saved CV results for few_shot to outputs/run_20250207_152938/classifiers/few_shot/cv/cross_validation_results.json
2025-02-07 17:12:52,005 - ClassificationPipeline - INFO - Overall comparison summary saved to outputs/run_20250207_152938/overall/comparison_summary.json
2025-02-07 17:12:52,006 - ClassificationPipeline - INFO - Pipeline completed successfully.
