2025-02-03 22:37:13,763 - FewShotClassifier - INFO - Logging initialized. Log file: outputs/fewshot/logs/FewShotClassifier_20250203_223713.log
2025-02-03 22:37:13,763 - FewShotClassifier - INFO - Initializing Few-Shot classifier...
2025-02-03 22:37:13,763 - FewShotClassifier - INFO - Loading environment variables...
2025-02-03 22:37:13,763 - FewShotClassifier - INFO - Setting up few-shot examples...
2025-02-03 22:37:13,763 - FewShotClassifier - INFO - Setting up prompt templates...
2025-02-03 22:37:13,835 - FewShotClassifier - INFO - Prompt templates setup complete
2025-02-03 22:37:13,844 - FewShotClassifier - INFO - Starting model training pipeline...
2025-02-03 22:37:13,844 - FewShotClassifier - INFO - Performing initial train-test split...
2025-02-03 22:37:14,209 - FewShotClassifier - INFO - 
Data Split Information:
2025-02-03 22:37:14,209 - FewShotClassifier - INFO - Training set size: 185659
2025-02-03 22:37:14,209 - FewShotClassifier - INFO - Test set size: 46415
2025-02-03 22:37:14,210 - FewShotClassifier - INFO - Training class distribution:
suicide        0.500003
non-suicide    0.499997
Name: proportion, dtype: float64
2025-02-03 22:37:14,210 - FewShotClassifier - INFO - Test class distribution:
non-suicide    0.500011
suicide        0.499989
Name: proportion, dtype: float64
2025-02-03 22:37:14,210 - FewShotClassifier - INFO - Starting cross-validation...
2025-02-03 22:37:14,298 - FewShotClassifier - INFO - 
Training fold 1/5
2025-02-03 22:37:14,328 - FewShotClassifier - DEBUG - Fold 0 sizes - Train: 148527, Val: 37132
2025-02-03 22:37:14,328 - FewShotClassifier - INFO - Evaluating fold 1
2025-02-03 22:37:14,328 - FewShotClassifier - INFO - Validation set size: 37132
2025-02-03 22:37:14,329 - FewShotClassifier - INFO - Processing batch of 37132 texts
2025-02-03 22:37:14,329 - FewShotClassifier - INFO - Processing batch 1/1857
2025-02-03 22:37:16,538 - FewShotClassifier - INFO - Processed 10/37132 texts
2025-02-03 22:37:18,566 - FewShotClassifier - INFO - Processed 20/37132 texts
2025-02-03 22:37:23,573 - FewShotClassifier - INFO - Processing batch 2/1857
2025-02-03 22:37:25,171 - FewShotClassifier - INFO - Processed 30/37132 texts
2025-02-03 22:37:27,042 - FewShotClassifier - INFO - Processed 40/37132 texts
2025-02-03 22:37:32,056 - FewShotClassifier - INFO - Processing batch 3/1857
2025-02-03 22:37:34,328 - FewShotClassifier - INFO - Processed 50/37132 texts
2025-02-03 22:37:36,763 - FewShotClassifier - INFO - Processed 60/37132 texts
2025-02-03 22:37:41,773 - FewShotClassifier - INFO - Processing batch 4/1857
2025-02-03 22:37:44,563 - FewShotClassifier - INFO - Processed 70/37132 texts
